GLPK 4.45 - SENSITIVITY ANALYSIS REPORT                                                                         Page   1

Problem:    soluzione
Objective:  z = 649600 (MINimum)

   No. Row name     St      Activity         Slack   Lower bound       Activity      Obj coef  Obj value at Limiting
                                          Marginal   Upper bound          range         range   break point variable
------ ------------ -- ------------- ------------- -------------  ------------- ------------- ------------- ------------
     1 ConservazioneFlusso1[2]
                    NS     300.00000        .          300.00000     -200.00000          -Inf  631600.00000 x[2]
                                          36.00000     300.00000      300.00000          +Inf  649600.00000 ProduzioneMensile[2]

     2 ConservazioneFlusso1[3]
                    NS     500.00000        .          500.00000      300.00000          -Inf   42400.00000 y[2]
                                        3036.00000     500.00000      500.00000          +Inf  649600.00000 ProduzioneMensile[2]

     3 ConservazioneFlusso1[4]
                    NS     400.00000        .          400.00000         .               -Inf  634400.00000 x[4]
                                          38.00000     400.00000      500.00000          +Inf  653400.00000 ProduzioneMensile[4]

     4 ConservazioneFlusso2
                    NS     200.00000        .          200.00000         .               -Inf  642800.00000 x[1]
                                          34.00000     200.00000      400.00000          +Inf  656400.00000 ProduzioneMensile[1]

     5 ProduzioneMensile[1]
                    BS     200.00000     200.00000          -Inf      700.00000   -1998.00000  250000.00000 y[1]
                                            .          400.00000      200.00000          +Inf          +Inf

     6 ProduzioneMensile[2]
                    BS     500.00000        .               -Inf      800.00000   -3004.00000 -852400.00000 ProduzioneMensile[3]
                                            .          500.00000      300.00000    1998.00000   1.6486e+006 y[1]

     7 ProduzioneMensile[3]
                    NU     300.00000        .               -Inf      300.00000          -Inf  649600.00000 ProduzioneMensile[2]
                                       -3004.00000     300.00000      500.00000    3004.00000   48800.00000 y[2]

     8 ProduzioneMensile[4]
                    BS     400.00000     100.00000          -Inf           +Inf   -3038.00000 -565600.00000 y[4]
                                            .          500.00000      400.00000    4998.00000   2.6488e+006 y[3]

     9 z            BS  649600.00000 -649600.00000          -Inf   649600.00000      -1.00000        .      y[3]
                                            .               +Inf   649600.00000          +Inf          +Inf

GLPK 4.45 - SENSITIVITY ANALYSIS REPORT                                                                         Page   2

Problem:    soluzione
Objective:  z = 649600 (MINimum)

   No. Column name  St      Activity      Obj coef   Lower bound       Activity      Obj coef  Obj value at Limiting
                                          Marginal   Upper bound          range         range   break point variable
------ ------------ -- ------------- ------------- -------------  ------------- ------------- ------------- ------------
     1 x[2]         BS     500.00000      36.00000        .           500.00000   -2968.00000 -852400.00000 ProduzioneMensile[3]
                                            .               +Inf      300.00000    2034.00000   1.6486e+006 y[1]

     2 x[3]         BS     300.00000      32.00000        .           300.00000          -Inf          -Inf
                                            .               +Inf      300.00000    3036.00000   1.5508e+006 ProduzioneMensile[3]

     3 x[4]         BS     400.00000      38.00000        .           500.00000   -3000.00000 -565600.00000 y[4]
                                            .               +Inf      400.00000    5036.00000   2.6488e+006 y[3]

     4 x[1]         BS     200.00000      34.00000        .           400.00000   -1964.00000  250000.00000 y[1]
                                            .               +Inf      200.00000          +Inf          +Inf

     5 y[1]         NL        .         2000.00000        .              .            2.00000  649600.00000 ProduzioneMensile[2]
                                        1998.00000          +Inf      200.00000          +Inf   1.0492e+006 ProduzioneMensile[1]

     6 y[2]         BS     200.00000    3000.00000        .           200.00000      -4.00000   48800.00000 ProduzioneMensile[3]
                                            .               +Inf      200.00000          +Inf          +Inf

     7 y[3]         NL        .         2000.00000        .          -100.00000   -2998.00000  149800.00000 ProduzioneMensile[4]
                                        4998.00000          +Inf         .               +Inf  649600.00000 ProduzioneMensile[2]

     8 y[4]         NL        .         3000.00000        .          -400.00000     -38.00000 -565600.00000 x[4]
                                        3038.00000          +Inf      100.00000          +Inf  953400.00000 ProduzioneMensile[4]

End of report
