GLPK 4.45 - SENSITIVITY ANALYSIS REPORT                                                                         Page   1

Problem:    soluzione
Objective:  ob = 115600 (MINimum)

   No. Row name     St      Activity         Slack   Lower bound       Activity      Obj coef  Obj value at Limiting
                                          Marginal   Upper bound          range         range   break point variable
------ ------------ -- ------------- ------------- -------------  ------------- ------------- ------------- ------------
     1 Flusso1[2]   NS     130.00000        .          130.00000      120.00000          -Inf  112300.00000 y[2]
                                         330.00000     130.00000      180.00000          +Inf  132100.00000 y[2]

     2 Flusso1[3]   NS     150.00000        .          150.00000      110.00000          -Inf  102400.00000 y[3]
                                         330.00000     150.00000      170.00000          +Inf  122200.00000 y[3]

     3 Flusso2      NS     100.00000        .          100.00000       90.00000          -Inf  112400.00000 y[2]
                                         320.00000     100.00000      110.00000          +Inf  118800.00000 z[1]

     4 ob           BS  115600.00000 -115600.00000          -Inf   122400.00000      -1.00000        .      z[3]
                                            .               +Inf   115600.00000          +Inf          +Inf

GLPK 4.45 - SENSITIVITY ANALYSIS REPORT                                                                         Page   2

Problem:    soluzione
Objective:  ob = 115600 (MINimum)

   No. Column name  St      Activity      Obj coef   Lower bound       Activity      Obj coef  Obj value at Limiting
                                          Marginal   Upper bound          range         range   break point variable
------ ------------ -- ------------- ------------- -------------  ------------- ------------- ------------- ------------
     1 x[2]         NU     110.00000     300.00000        .            60.00000          -Inf  117100.00000 y[2]
                                         -30.00000     110.00000      120.00000     330.00000  115300.00000 y[2]

     2 x[3]         NU     110.00000     300.00000        .            90.00000          -Inf  116200.00000 y[3]
                                         -30.00000     110.00000      150.00000     330.00000  114400.00000 y[3]

     3 x[1]         NU     110.00000     300.00000        .           100.00000          -Inf  115800.00000 z[1]
                                         -20.00000     110.00000      120.00000     320.00000  115400.00000 y[2]

     4 y[2]         BS      10.00000     330.00000        .            50.00000     320.00000  115500.00000 z[2]
                                            .           60.00000           -Inf     340.00000  115700.00000 y[1]

     5 y[3]         BS      40.00000     330.00000        .                +Inf     300.00000  114400.00000 x[3]
                                            .           60.00000      -10.00000     340.00000  116000.00000 z[2]

     6 y[1]         NL        .          330.00000        .           -10.00000     320.00000  115500.00000 z[1]
                                          10.00000      60.00000       10.00000          +Inf  115700.00000 y[2]

     7 z[1]         BS      10.00000      10.00000        .            20.00000        .       115500.00000 y[1]
                                            .               +Inf      -40.00000      30.00000  115800.00000 x[1]

     8 z[2]         NL        .           10.00000        .           -10.00000        .       115500.00000 y[2]
                                          10.00000          +Inf       40.00000          +Inf  116000.00000 y[3]

     9 z[3]         NL        .           10.00000        .           -40.00000    -330.00000  102000.00000 y[3]
                                         340.00000          +Inf       20.00000          +Inf  122400.00000 y[3]

End of report
