GLPK 4.45 - SENSITIVITY ANALYSIS REPORT                                                                         Page   1

Problem:    soluzione
Objective:  z = 95242.47899 (MAXimum)

   No. Row name     St      Activity         Slack   Lower bound       Activity      Obj coef  Obj value at Limiting
                                          Marginal   Upper bound          range         range   break point variable
------ ------------ -- ------------- ------------- -------------  ------------- ------------- ------------- ------------
     1 DisponibilitaMaterie[1]
                    NU    2900.00000        .               -Inf     2121.34680      -2.48645   93306.39731 Produzione[1]
                                           2.48645    2900.00000     3305.51448          +Inf   96250.77018 DisponibilitaMaterie[4]

     2 DisponibilitaMaterie[2]
                    NU    2200.00000        .               -Inf     1290.20501     -15.62706   81025.05695 Produzione[3]
                                          15.62706    2200.00000     2259.05074          +Inf   96165.26849 DisponibilitaMaterie[4]

     3 DisponibilitaMaterie[3]
                    NU    4000.00000        .               -Inf     1108.71795     -13.41306   56461.53846 Produzione[2]
                                          13.41306    4000.00000     4108.95621          +Inf   96703.91524 DisponibilitaMaterie[4]

     4 DisponibilitaMaterie[4]
                    BS    1531.12507      18.87493          -Inf     1240.31891     -48.88969   20386.25454 DisponibilitaMaterie[2]
                                            .         1550.00000     1531.12507          +Inf          +Inf

     5 VederePrimoRicavo
                    NS        .             .             .                -Inf          -Inf   95242.47899
                                            .             .                +Inf          +Inf   95242.47899

     6 VedereSecondoRicavo
                    NS        .             .             .                -Inf          -Inf   95242.47899
                                            .             .                +Inf          +Inf   95242.47899

     7 z            BS   95242.47899  -95242.47899          -Inf    93306.39731      -1.00000        .      DisponibilitaMaterie[1]
                                            .               +Inf    95242.47899          +Inf          +Inf

GLPK 4.45 - SENSITIVITY ANALYSIS REPORT                                                                         Page   2

Problem:    soluzione
Objective:  z = 95242.47899 (MAXimum)

   No. Column name  St      Activity      Obj coef   Lower bound       Activity      Obj coef  Obj value at Limiting
                                          Marginal   Upper bound          range         range   break point variable
------ ------------ -- ------------- ------------- -------------  ------------- ------------- ------------- ------------
     1 Produzione[1]
                    BS    1658.06304       6.00000        .                -Inf       4.83232   93306.39731 DisponibilitaMaterie[1]
                                            .               +Inf     2494.30524      23.00156  123432.13729 DisponibilitaMaterie[2]

     2 Produzione[2]
                    BS    6467.63601      10.00000        .                -Inf       4.00385   56461.53846 DisponibilitaMaterie[3]
                                            .               +Inf     7043.77104      13.36047  116976.74419 DisponibilitaMaterie[1]

     3 Produzione[3]
                    BS    1718.14506      12.00000        .                -Inf       3.72513   81025.05695 DisponibilitaMaterie[2]
                                            .               +Inf     1905.72391      22.32143  112976.19048 DisponibilitaMaterie[1]

     4 PrimoRicavo  BS   95242.47899        .               -Inf    93306.39731      -1.00000        .      DisponibilitaMaterie[1]
                                            .               +Inf    95242.47899          +Inf          +Inf

     5 SecondoRicavo
                    BS   94881.98687        .               -Inf    81872.05387       -.14882   81122.55407 DisponibilitaMaterie[1]
                                            .               +Inf    95990.88838      12.82118  1.31174e+006 DisponibilitaMaterie[2]

End of report
