GLPK 4.45 - SENSITIVITY ANALYSIS REPORT                                                                         Page   1

Problem:    soluzione
Objective:  0 (MINimum)

   No. Row name     St      Activity         Slack   Lower bound       Activity      Obj coef  Obj value at Limiting
                                          Marginal   Upper bound          range         range   break point variable
------ ------------ -- ------------- ------------- -------------  ------------- ------------- ------------- ------------
     1 DefinizioneErrore[1]
                    NS      18.30000        .           18.30000           -Inf          -Inf        .     
                                            .           18.30000           +Inf          +Inf        .     

     2 DefinizioneErrore[2]
                    NS      20.50000        .           20.50000           -Inf          -Inf        .     
                                            .           20.50000           +Inf          +Inf        .     

     3 DefinizioneErrore[3]
                    NS      32.20000        .           32.20000           -Inf          -Inf        .     
                                            .           32.20000           +Inf          +Inf        .     

     4 DefinizioneErrore[4]
                    NS      12.20000        .           12.20000           -Inf          -Inf        .     
                                            .           12.20000           +Inf          +Inf        .     

     5 DefinizioneErrore[5]
                    NS      10.10000        .           10.10000           -Inf          -Inf        .     
                                            .           10.10000           +Inf          +Inf        .     

     6 DefinizioneErrore[6]
                    NS      22.60000        .           22.60000           -Inf          -Inf        .     
                                            .           22.60000           +Inf          +Inf        .     

     7 DefinizioneErrore[7]
                    NS      30.10000        .           30.10000           -Inf          -Inf        .     
                                            .           30.10000           +Inf          +Inf        .     

     8 DefinizioneErrore[8]
                    NS      28.00000        .           28.00000           -Inf          -Inf        .     
                                            .           28.00000           +Inf          +Inf        .     

     9 DefinizioneErrore[9]
                    NS      23.40000        .           23.40000           -Inf          -Inf        .     
                                            .           23.40000           +Inf          +Inf        .     

    10 DefinizioneErrore[10]
                    NS      15.50000        .           15.50000           -Inf          -Inf        .     
                                            .           15.50000           +Inf          +Inf        .     

GLPK 4.45 - SENSITIVITY ANALYSIS REPORT                                                                         Page   2

Problem:    soluzione
Objective:  0 (MINimum)

   No. Row name     St      Activity         Slack   Lower bound       Activity      Obj coef  Obj value at Limiting
                                          Marginal   Upper bound          range         range   break point variable
------ ------------ -- ------------- ------------- -------------  ------------- ------------- ------------- ------------
    11 DefinizioneErrore[11]
                    NS      14.70000        .           14.70000           -Inf          -Inf        .     
                                            .           14.70000           +Inf          +Inf        .     

    12 DefinizioneErrore[12]
                    NS      15.40000        .           15.40000           -Inf          -Inf        .     
                                            .           15.40000           +Inf          +Inf        .     

GLPK 4.45 - SENSITIVITY ANALYSIS REPORT                                                                         Page   3

Problem:    soluzione
Objective:  0 (MINimum)

   No. Column name  St      Activity      Obj coef   Lower bound       Activity      Obj coef  Obj value at Limiting
                                          Marginal   Upper bound          range         range   break point variable
------ ------------ -- ------------- ------------- -------------  ------------- ------------- ------------- ------------
     1 errore[1]    BS      18.30000        .               -Inf           +Inf        .             .      resistenza
                                            .               +Inf           -Inf        .             .      resistenza

     2 errore[2]    BS      20.50000        .               -Inf           +Inf        .             .      resistenza
                                            .               +Inf           -Inf        .             .      resistenza

     3 errore[3]    BS      32.20000        .               -Inf           +Inf        .             .      resistenza
                                            .               +Inf           -Inf        .             .      resistenza

     4 errore[4]    BS      12.20000        .               -Inf           +Inf        .             .      resistenza
                                            .               +Inf           -Inf        .             .      resistenza

     5 errore[5]    BS      10.10000        .               -Inf           +Inf        .             .      resistenza
                                            .               +Inf           -Inf        .             .      resistenza

     6 errore[6]    BS      22.60000        .               -Inf           +Inf        .             .      resistenza
                                            .               +Inf           -Inf        .             .      resistenza

     7 errore[7]    BS      30.10000        .               -Inf           +Inf        .             .      resistenza
                                            .               +Inf           -Inf        .             .      resistenza

     8 errore[8]    BS      28.00000        .               -Inf           +Inf        .             .      resistenza
                                            .               +Inf           -Inf        .             .      resistenza

     9 errore[9]    BS      23.40000        .               -Inf           +Inf        .             .      resistenza
                                            .               +Inf           -Inf        .             .      resistenza

    10 errore[10]   BS      15.50000        .               -Inf           +Inf        .             .      resistenza
                                            .               +Inf           -Inf        .             .      resistenza

GLPK 4.45 - SENSITIVITY ANALYSIS REPORT                                                                         Page   4

Problem:    soluzione
Objective:  0 (MINimum)

   No. Column name  St      Activity      Obj coef   Lower bound       Activity      Obj coef  Obj value at Limiting
                                          Marginal   Upper bound          range         range   break point variable
------ ------------ -- ------------- ------------- -------------  ------------- ------------- ------------- ------------
    11 errore[11]   BS      14.70000        .               -Inf           +Inf        .             .      resistenza
                                            .               +Inf           -Inf        .             .      resistenza

    12 errore[12]   BS      15.40000        .               -Inf           +Inf        .             .      resistenza
                                            .               +Inf           -Inf        .             .      resistenza

    13 resistenza   NF        .             .               -Inf           -Inf        .             .     
                                            .               +Inf           +Inf        .             .     

End of report
