GLPK 4.45 - SENSITIVITY ANALYSIS REPORT                                                                         Page   1

Problem:    soluzione
Objective:  z = 23956 (MINimum)

   No. Row name     St      Activity         Slack   Lower bound       Activity      Obj coef  Obj value at Limiting
                                          Marginal   Upper bound          range         range   break point variable
------ ------------ -- ------------- ------------- -------------  ------------- ------------- ------------- ------------
     1 Flusso1[2,1] NS    -200.00000        .         -200.00000     -293.00000          -Inf   24793.00000 x[2,2]
                                          -9.00000    -200.00000      -86.00000          +Inf   22930.00000 y[7,2]

     2 Flusso1[2,2] NS     -70.00000        .          -70.00000     -177.00000          -Inf   24919.00000 x[9,3]
                                          -9.00000     -70.00000       44.00000          +Inf   22930.00000 y[7,2]

     3 Flusso1[2,3] NS    -100.00000        .         -100.00000           -Inf          -Inf          +Inf
                                          -9.00000    -100.00000      580.00000          +Inf   17836.00000 y[2,3]

     4 Flusso1[2,4] NS     -25.00000        .          -25.00000           -Inf          -Inf          +Inf
                                          -9.00000     -25.00000      275.00000          +Inf   21256.00000 y[2,4]

     5 Flusso1[2,5] NS        .             .             .                -Inf          -Inf          +Inf
                                          -9.00000        .           400.00000          +Inf   20356.00000 y[2,5]

     6 Flusso1[3,1] NS        .             .             .          -107.00000          -Inf   24812.00000 x[9,3]
                                          -8.00000        .              .               +Inf   23956.00000 x[3,1]

     7 Flusso1[3,2] NS    -150.00000        .         -150.00000     -257.00000          -Inf   24812.00000 x[9,3]
                                          -8.00000    -150.00000      -36.00000          +Inf   23044.00000 y[7,2]

     8 Flusso1[3,3] NS        .             .             .                -Inf          -Inf          +Inf
                                          -8.00000        .           680.00000          +Inf   18516.00000 y[3,3]

     9 Flusso1[3,4] NS     -25.00000        .          -25.00000           -Inf          -Inf          +Inf
                                          -8.00000     -25.00000      300.00000          +Inf   21356.00000 y[3,4]

    10 Flusso1[3,5] NS    -100.00000        .         -100.00000           -Inf          -Inf          +Inf
                                          -8.00000    -100.00000      400.00000          +Inf   19956.00000 y[3,5]

GLPK 4.45 - SENSITIVITY ANALYSIS REPORT                                                                         Page   2

Problem:    soluzione
Objective:  z = 23956 (MINimum)

   No. Row name     St      Activity         Slack   Lower bound       Activity      Obj coef  Obj value at Limiting
                                          Marginal   Upper bound          range         range   break point variable
------ ------------ -- ------------- ------------- -------------  ------------- ------------- ------------- ------------
    11 Flusso1[4,1] NS    -600.00000        .         -600.00000     -707.00000          -Inf   24705.00000 x[9,3]
                                          -7.00000    -600.00000     -520.00000          +Inf   23396.00000 y[5,1]

    12 Flusso1[4,2] NS    -300.00000        .         -300.00000     -407.00000          -Inf   24705.00000 x[9,3]
                                          -7.00000    -300.00000     -186.00000          +Inf   23158.00000 y[7,2]

    13 Flusso1[4,3] NS        .             .             .                -Inf          -Inf          +Inf
                                          -7.00000        .           680.00000          +Inf   19196.00000 y[4,3]

    14 Flusso1[4,4] NS     -25.00000        .          -25.00000           -Inf          -Inf          +Inf
                                          -7.00000     -25.00000      325.00000          +Inf   21506.00000 y[4,4]

    15 Flusso1[4,5] NS     -75.00000        .          -75.00000           -Inf          -Inf          +Inf
                                          -7.00000     -75.00000      500.00000          +Inf   19931.00000 y[4,5]

    16 Flusso1[5,1] NS    -200.00000        .         -200.00000     -307.00000          -Inf   24598.00000 x[9,3]
                                          -6.00000    -200.00000     -120.00000          +Inf   23476.00000 y[5,1]

    17 Flusso1[5,2] NS        .             .             .          -107.00000          -Inf   24598.00000 x[9,3]
                                          -6.00000        .           114.00000          +Inf   23272.00000 y[7,2]

    18 Flusso1[5,3] NS    -210.00000        .         -210.00000           -Inf          -Inf          +Inf
                                          -6.00000    -210.00000      588.00000          +Inf   19168.00000 y[10,3]

    19 Flusso1[5,4] NS     -25.00000        .          -25.00000           -Inf          -Inf          +Inf
                                          -6.00000     -25.00000      350.00000          +Inf   21706.00000 y[5,4]

    20 Flusso1[5,5] NS    -200.00000        .         -200.00000           -Inf          -Inf          +Inf
                                          -6.00000    -200.00000      575.00000          +Inf   19306.00000 y[5,5]

GLPK 4.45 - SENSITIVITY ANALYSIS REPORT                                                                         Page   3

Problem:    soluzione
Objective:  z = 23956 (MINimum)

   No. Row name     St      Activity         Slack   Lower bound       Activity      Obj coef  Obj value at Limiting
                                          Marginal   Upper bound          range         range   break point variable
------ ------------ -- ------------- ------------- -------------  ------------- ------------- ------------- ------------
    21 Flusso1[6,1] NS     -50.00000        .          -50.00000     -157.00000          -Inf   24491.00000 x[9,3]
                                          -5.00000     -50.00000       64.00000          +Inf   23386.00000 y[7,2]

    22 Flusso1[6,2] NS        .             .             .          -107.00000          -Inf   24491.00000 x[9,3]
                                          -5.00000        .           114.00000          +Inf   23386.00000 y[7,2]

    23 Flusso1[6,3] NS     -85.00000        .          -85.00000           -Inf          -Inf          +Inf
                                          -5.00000     -85.00000      713.00000          +Inf   19966.00000 y[10,3]

    24 Flusso1[6,4] NS        .             .             .                -Inf          -Inf          +Inf
                                          -5.00000        .           375.00000          +Inf   22081.00000 y[6,4]

    25 Flusso1[6,5] NS     -45.00000        .          -45.00000           -Inf          -Inf          +Inf
                                          -5.00000     -45.00000      775.00000          +Inf   19856.00000 y[6,5]

    26 Flusso1[7,1] NS     -40.00000        .          -40.00000     -147.00000          -Inf   24384.00000 x[9,3]
                                          -4.00000     -40.00000         .               +Inf   23796.00000 x[7,1]

    27 Flusso1[7,2] NS     -60.00000        .          -60.00000     -167.00000          -Inf   24384.00000 x[9,3]
                                          -4.00000     -60.00000       54.00000          +Inf   23500.00000 y[7,2]

    28 Flusso1[7,3] NS     -50.00000        .          -50.00000           -Inf          -Inf          +Inf
                                          -4.00000     -50.00000      748.00000          +Inf   20764.00000 y[10,3]

    29 Flusso1[7,4] NS        .             .             .                -Inf          -Inf          +Inf
                                          -4.00000        .           375.00000          +Inf   22456.00000 y[7,4]

    30 Flusso1[7,5] NS    -300.00000        .         -300.00000           -Inf          -Inf          +Inf
                                          -4.00000    -300.00000      820.00000          +Inf   19476.00000 y[7,5]

GLPK 4.45 - SENSITIVITY ANALYSIS REPORT                                                                         Page   4

Problem:    soluzione
Objective:  z = 23956 (MINimum)

   No. Row name     St      Activity         Slack   Lower bound       Activity      Obj coef  Obj value at Limiting
                                          Marginal   Upper bound          range         range   break point variable
------ ------------ -- ------------- ------------- -------------  ------------- ------------- ------------- ------------
    31 Flusso1[8,1] NS    -300.00000        .         -300.00000     -315.00000          -Inf   24001.00000 x[8,2]
                                          -3.00000    -300.00000     -111.00000          +Inf   23389.00000 y[8,2]

    32 Flusso1[8,2] NS     -90.00000        .          -90.00000     -197.00000          -Inf   24277.00000 x[9,3]
                                          -3.00000     -90.00000       99.00000          +Inf   23389.00000 y[8,2]

    33 Flusso1[8,3] NS     -20.00000        .          -20.00000           -Inf          -Inf          +Inf
                                          -3.00000     -20.00000      778.00000          +Inf   21562.00000 y[10,3]

    34 Flusso1[8,4] NS     -60.00000        .          -60.00000           -Inf          -Inf          +Inf
                                          -3.00000     -60.00000      375.00000          +Inf   22651.00000 y[8,4]

    35 Flusso1[8,5] NS        .             .             .                -Inf          -Inf          +Inf
                                          -3.00000        .          1120.00000          +Inf   20596.00000 y[8,5]

    36 Flusso1[9,1] NS        .             .             .              .               -Inf   23956.00000 y[8,1]
                                          -2.00000        .           189.00000          +Inf   23578.00000 y[8,2]

    37 Flusso1[9,2] NS    -100.00000        .         -100.00000     -207.00000          -Inf   24170.00000 x[9,3]
                                          -2.00000    -100.00000      189.00000          +Inf   23378.00000 x[9,2]

    38 Flusso1[9,3] NS    -100.00000        .         -100.00000           -Inf          -Inf          +Inf
                                          -2.00000    -100.00000      698.00000          +Inf   22360.00000 y[10,3]

    39 Flusso1[9,4] NS     -60.00000        .          -60.00000           -Inf          -Inf          +Inf
                                          -2.00000     -60.00000      435.00000          +Inf   22966.00000 y[9,4]

    40 Flusso1[9,5] NS     -20.00000        .          -20.00000           -Inf          -Inf          +Inf
                                          -2.00000     -20.00000     1120.00000          +Inf   21676.00000 y[9,5]

GLPK 4.45 - SENSITIVITY ANALYSIS REPORT                                                                         Page   5

Problem:    soluzione
Objective:  z = 23956 (MINimum)

   No. Row name     St      Activity         Slack   Lower bound       Activity      Obj coef  Obj value at Limiting
                                          Marginal   Upper bound          range         range   break point variable
------ ------------ -- ------------- ------------- -------------  ------------- ------------- ------------- ------------
    41 Flusso1[10,1]
                    NS        .             .             .          -340.00000          -Inf   24296.00000 x[10,3]
                                          -1.00000        .              .               +Inf   23956.00000 x[10,1]

    42 Flusso1[10,2]
                    NS     -20.00000        .          -20.00000     -360.00000          -Inf   24296.00000 x[10,3]
                                          -1.00000     -20.00000         .               +Inf   23936.00000 x[10,2]

    43 Flusso1[10,3]
                    NS    -100.00000        .         -100.00000           -Inf          -Inf          +Inf
                                          -1.00000    -100.00000      698.00000          +Inf   23158.00000 y[10,3]

    44 Flusso1[10,4]
                    NS     -60.00000        .          -60.00000           -Inf          -Inf          +Inf
                                          -1.00000     -60.00000      495.00000          +Inf   23401.00000 y[10,4]

    45 Flusso1[10,5]
                    NS    -250.00000        .         -250.00000           -Inf          -Inf          +Inf
                                          -1.00000    -250.00000     1140.00000          +Inf   22566.00000 y[10,5]

    46 Flusso2[1]   NS    -535.00000        .         -535.00000     -628.00000          -Inf   24886.00000 x[2,2]
                                         -10.00000    -535.00000     -421.00000          +Inf   22816.00000 y[7,2]

    47 Flusso2[2]   NS    -600.00000        .         -600.00000     -707.00000          -Inf   25026.00000 x[9,3]
                                         -10.00000    -600.00000     -486.00000          +Inf   22816.00000 y[7,2]

    48 Flusso2[3]   NS    -580.00000        .         -580.00000           -Inf          -Inf          +Inf
                                         -10.00000    -580.00000         .               +Inf   18156.00000 y[1,3]

    49 Flusso2[4]   NS    -275.00000        .         -275.00000           -Inf          -Inf          +Inf
                                         -10.00000    -275.00000         .               +Inf   21206.00000 y[1,4]

    50 Flusso2[5]   NS    -400.00000        .         -400.00000           -Inf          -Inf          +Inf
                                         -10.00000    -400.00000         .               +Inf   19956.00000 y[1,5]

GLPK 4.45 - SENSITIVITY ANALYSIS REPORT                                                                         Page   6

Problem:    soluzione
Objective:  z = 23956 (MINimum)

   No. Row name     St      Activity         Slack   Lower bound       Activity      Obj coef  Obj value at Limiting
                                          Marginal   Upper bound          range         range   break point variable
------ ------------ -- ------------- ------------- -------------  ------------- ------------- ------------- ------------
    51 Banda[1]     NU     405.00000        .               -Inf      312.00000          -Inf   24886.00000 x[2,2]
                                         -10.00000     405.00000      519.00000      10.00000   22816.00000 y[7,2]

    52 Banda[2]     NU     423.00000        .               -Inf      330.00000          -Inf   24793.00000 x[2,2]
                                          -9.00000     423.00000      537.00000       9.00000   22930.00000 y[7,2]

    53 Banda[3]     NU     495.00000        .               -Inf      388.00000          -Inf   24812.00000 x[9,3]
                                          -8.00000     495.00000      609.00000       8.00000   23044.00000 y[7,2]

    54 Banda[4]     NU     405.00000        .               -Inf      298.00000          -Inf   24705.00000 x[9,3]
                                          -7.00000     405.00000      485.00000       7.00000   23396.00000 y[5,1]

    55 Banda[5]     NU     315.00000        .               -Inf      208.00000          -Inf   24598.00000 x[9,3]
                                          -6.00000     315.00000      395.00000       6.00000   23476.00000 y[5,1]

    56 Banda[6]     NU     378.00000        .               -Inf      271.00000          -Inf   24491.00000 x[9,3]
                                          -5.00000     378.00000      492.00000       5.00000   23386.00000 y[7,2]

    57 Banda[7]     NU     270.00000        .               -Inf      163.00000          -Inf   24384.00000 x[9,3]
                                          -4.00000     270.00000      384.00000       4.00000   23500.00000 y[7,2]

    58 Banda[8]     NU     315.00000        .               -Inf      300.00000          -Inf   24001.00000 x[8,2]
                                          -3.00000     315.00000      504.00000       3.00000   23389.00000 y[8,2]

    59 Banda[9]     NU     396.00000        .               -Inf      289.00000          -Inf   24170.00000 x[9,3]
                                          -2.00000     396.00000     1194.00000       2.00000   22360.00000 y[10,3]

    60 Banda[10]    NU     360.00000        .               -Inf       20.00000          -Inf   24296.00000 x[10,3]
                                          -1.00000     360.00000     1020.00000       1.00000   23296.00000 Archiviazione[10,3]

GLPK 4.45 - SENSITIVITY ANALYSIS REPORT                                                                         Page   7

Problem:    soluzione
Objective:  z = 23956 (MINimum)

   No. Row name     St      Activity         Slack   Lower bound       Activity      Obj coef  Obj value at Limiting
                                          Marginal   Upper bound          range         range   break point variable
------ ------------ -- ------------- ------------- -------------  ------------- ------------- ------------- ------------
    61 Archiviazione[1,1]
                    BS     405.00000     595.00000          -Inf      405.00000          -Inf          -Inf
                                            .         1000.00000      312.00000        .        23956.00000 x[1,2]

    62 Archiviazione[1,2]
                    BS        .         1200.00000          -Inf       93.00000        .        23956.00000 x[1,2]
                                            .         1200.00000         .               +Inf   23956.00000

    63 Archiviazione[1,3]
                    BS        .         1000.00000          -Inf       93.00000        .        23956.00000 x[1,3]
                                            .         1000.00000         .               +Inf   23956.00000

    64 Archiviazione[1,4]
                    BS        .          500.00000          -Inf       93.00000        .        23956.00000 x[1,4]
                                            .          500.00000         .               +Inf   23956.00000

    65 Archiviazione[1,5]
                    BS        .          700.00000          -Inf       93.00000        .        23956.00000 x[1,5]
                                            .          700.00000         .               +Inf   23956.00000

    66 Archiviazione[2,1]
                    BS     330.00000     670.00000          -Inf      423.00000        .        23956.00000 x[1,2]
                                            .         1000.00000         .             .        23956.00000 y[2,1]

    67 Archiviazione[2,2]
                    BS      93.00000    1107.00000          -Inf      423.00000        .        23956.00000 y[2,1]
                                            .         1200.00000         .             .        23956.00000 x[2,3]

    68 Archiviazione[2,3]
                    BS        .         1000.00000          -Inf       93.00000        .        23956.00000 x[2,3]
                                            .         1000.00000         .               +Inf   23956.00000

    69 Archiviazione[2,4]
                    BS        .          500.00000          -Inf       93.00000        .        23956.00000 x[2,4]
                                            .          500.00000         .               +Inf   23956.00000

    70 Archiviazione[2,5]
                    BS        .          700.00000          -Inf       93.00000        .        23956.00000 x[2,5]
                                            .          700.00000         .               +Inf   23956.00000

GLPK 4.45 - SENSITIVITY ANALYSIS REPORT                                                                         Page   8

Problem:    soluzione
Objective:  z = 23956 (MINimum)

   No. Row name     St      Activity         Slack   Lower bound       Activity      Obj coef  Obj value at Limiting
                                          Marginal   Upper bound          range         range   break point variable
------ ------------ -- ------------- ------------- -------------  ------------- ------------- ------------- ------------
    71 Archiviazione[3,1]
                    BS        .         1000.00000          -Inf      330.00000        .        23956.00000 y[2,1]
                                            .         1000.00000         .             .        23956.00000 y[3,1]

    72 Archiviazione[3,2]
                    BS     495.00000     705.00000          -Inf      495.00000        .        23956.00000 y[3,1]
                                            .         1200.00000      388.00000        .        23956.00000 x[3,3]

    73 Archiviazione[3,3]
                    BS        .         1000.00000          -Inf      107.00000        .        23956.00000 x[3,3]
                                            .         1000.00000         .               +Inf   23956.00000

    74 Archiviazione[3,4]
                    BS        .          500.00000          -Inf      107.00000        .        23956.00000 x[3,4]
                                            .          500.00000         .               +Inf   23956.00000

    75 Archiviazione[3,5]
                    BS        .          700.00000          -Inf      107.00000        .        23956.00000 x[3,5]
                                            .          700.00000         .               +Inf   23956.00000

    76 Archiviazione[4,1]
                    BS     405.00000     595.00000          -Inf      405.00000          -Inf          -Inf
                                            .         1000.00000      157.00000        .        23956.00000 x[4,2]

    77 Archiviazione[4,2]
                    BS        .         1200.00000          -Inf      248.00000        .        23956.00000 x[4,2]
                                            .         1200.00000         .               +Inf   23956.00000

    78 Archiviazione[4,3]
                    BS        .         1000.00000          -Inf      107.00000        .        23956.00000 x[4,3]
                                            .         1000.00000         .               +Inf   23956.00000

    79 Archiviazione[4,4]
                    BS        .          500.00000          -Inf      107.00000        .        23956.00000 x[4,4]
                                            .          500.00000         .               +Inf   23956.00000

    80 Archiviazione[4,5]
                    BS        .          700.00000          -Inf      107.00000        .        23956.00000 x[4,5]
                                            .          700.00000         .               +Inf   23956.00000

GLPK 4.45 - SENSITIVITY ANALYSIS REPORT                                                                         Page   9

Problem:    soluzione
Objective:  z = 23956 (MINimum)

   No. Row name     St      Activity         Slack   Lower bound       Activity      Obj coef  Obj value at Limiting
                                          Marginal   Upper bound          range         range   break point variable
------ ------------ -- ------------- ------------- -------------  ------------- ------------- ------------- ------------
    81 Archiviazione[5,1]
                    BS     315.00000     685.00000          -Inf      315.00000          -Inf          -Inf
                                            .         1000.00000       67.00000        .        23956.00000 x[5,2]

    82 Archiviazione[5,2]
                    BS        .         1200.00000          -Inf      248.00000        .        23956.00000 x[5,2]
                                            .         1200.00000         .               +Inf   23956.00000

    83 Archiviazione[5,3]
                    BS        .         1000.00000          -Inf      107.00000        .        23956.00000 x[5,3]
                                            .         1000.00000         .               +Inf   23956.00000

    84 Archiviazione[5,4]
                    BS        .          500.00000          -Inf      107.00000        .        23956.00000 x[5,4]
                                            .          500.00000         .               +Inf   23956.00000

    85 Archiviazione[5,5]
                    BS        .          700.00000          -Inf      107.00000        .        23956.00000 x[5,5]
                                            .          700.00000         .               +Inf   23956.00000

    86 Archiviazione[6,1]
                    BS     130.00000     870.00000          -Inf      378.00000        .        23956.00000 x[4,2]
                                            .         1000.00000         .             .        23956.00000 y[6,1]

    87 Archiviazione[6,2]
                    BS     248.00000     952.00000          -Inf      378.00000        .        23956.00000 y[6,1]
                                            .         1200.00000         .             .        23956.00000 x[4,2]

    88 Archiviazione[6,3]
                    BS        .         1000.00000          -Inf      107.00000        .        23956.00000 x[6,3]
                                            .         1000.00000         .               +Inf   23956.00000

    89 Archiviazione[6,4]
                    BS        .          500.00000          -Inf      107.00000        .        23956.00000 x[6,4]
                                            .          500.00000         .               +Inf   23956.00000

    90 Archiviazione[6,5]
                    BS        .          700.00000          -Inf      107.00000        .        23956.00000 x[6,5]
                                            .          700.00000         .               +Inf   23956.00000

GLPK 4.45 - SENSITIVITY ANALYSIS REPORT                                                                         Page  10

Problem:    soluzione
Objective:  z = 23956 (MINimum)

   No. Row name     St      Activity         Slack   Lower bound       Activity      Obj coef  Obj value at Limiting
                                          Marginal   Upper bound          range         range   break point variable
------ ------------ -- ------------- ------------- -------------  ------------- ------------- ------------- ------------
    91 Archiviazione[7,1]
                    BS      40.00000     960.00000          -Inf      170.00000        .        23956.00000 y[6,1]
                                            .         1000.00000       25.00000        .        23956.00000 y[7,1]

    92 Archiviazione[7,2]
                    BS     230.00000     970.00000          -Inf      245.00000        .        23956.00000 y[7,1]
                                            .         1200.00000      123.00000        .        23956.00000 x[7,3]

    93 Archiviazione[7,3]
                    BS        .         1000.00000          -Inf      107.00000        .        23956.00000 x[7,3]
                                            .         1000.00000         .               +Inf   23956.00000

    94 Archiviazione[7,4]
                    BS        .          500.00000          -Inf      107.00000        .        23956.00000 x[7,4]
                                            .          500.00000         .               +Inf   23956.00000

    95 Archiviazione[7,5]
                    BS        .          700.00000          -Inf      107.00000        .        23956.00000 x[7,5]
                                            .          700.00000         .               +Inf   23956.00000

    96 Archiviazione[8,1]
                    BS     300.00000     700.00000          -Inf      315.00000        .        23956.00000 y[7,1]
                                            .         1000.00000      111.00000        .        23956.00000 x[9,1]

    97 Archiviazione[8,2]
                    BS      15.00000    1185.00000          -Inf      204.00000        .        23956.00000 x[9,1]
                                            .         1200.00000         .             .        23956.00000 x[8,3]

    98 Archiviazione[8,3]
                    BS        .         1000.00000          -Inf       15.00000        .        23956.00000 x[8,3]
                                            .         1000.00000         .               +Inf   23956.00000

    99 Archiviazione[8,4]
                    BS        .          500.00000          -Inf       15.00000        .        23956.00000 x[8,4]
                                            .          500.00000         .               +Inf   23956.00000

   100 Archiviazione[8,5]
                    BS        .          700.00000          -Inf       15.00000        .        23956.00000 x[8,5]
                                            .          700.00000         .               +Inf   23956.00000

GLPK 4.45 - SENSITIVITY ANALYSIS REPORT                                                                         Page  11

Problem:    soluzione
Objective:  z = 23956 (MINimum)

   No. Row name     St      Activity         Slack   Lower bound       Activity      Obj coef  Obj value at Limiting
                                          Marginal   Upper bound          range         range   break point variable
------ ------------ -- ------------- ------------- -------------  ------------- ------------- ------------- ------------
   101 Archiviazione[9,1]
                    BS        .         1000.00000          -Inf      189.00000        .        23956.00000 x[9,1]
                                            .         1000.00000         .               +Inf   23956.00000

   102 Archiviazione[9,2]
                    BS     289.00000     911.00000          -Inf      382.00000        .        23956.00000 x[2,3]
                                            .         1200.00000      100.00000        .        23956.00000 x[9,1]

   103 Archiviazione[9,3]
                    BS     107.00000     893.00000          -Inf      296.00000        .        23956.00000 y[9,1]
                                            .         1000.00000       14.00000        .        23956.00000 x[2,3]

   104 Archiviazione[9,4]
                    BS        .          500.00000          -Inf      107.00000        .        23956.00000 x[9,4]
                                            .          500.00000         .               +Inf   23956.00000

   105 Archiviazione[9,5]
                    BS        .          700.00000          -Inf      107.00000        .        23956.00000 x[9,5]
                                            .          700.00000         .               +Inf   23956.00000

   106 Archiviazione[10,1]
                    BS        .         1000.00000          -Inf      189.00000        .        23956.00000 y[9,1]
                                            .         1000.00000         .             .        23956.00000 y[10,1]

   107 Archiviazione[10,2]
                    BS      20.00000    1180.00000          -Inf      309.00000        .        23956.00000 y[9,2]
                                            .         1200.00000         .             .        23956.00000 y[10,2]

   108 Archiviazione[10,3]
                    BS     340.00000     660.00000          -Inf      340.00000        .        23956.00000 y[10,1]
                                            .         1000.00000         .             .        23956.00000 x[10,4]

   109 Archiviazione[10,4]
                    BS        .          500.00000          -Inf      340.00000        .        23956.00000 x[10,4]
                                            .          500.00000         .               +Inf   23956.00000

   110 Archiviazione[10,5]
                    BS        .          700.00000          -Inf      340.00000        .        23956.00000 x[10,5]
                                            .          700.00000         .               +Inf   23956.00000

GLPK 4.45 - SENSITIVITY ANALYSIS REPORT                                                                         Page  12

Problem:    soluzione
Objective:  z = 23956 (MINimum)

   No. Row name     St      Activity         Slack   Lower bound       Activity      Obj coef  Obj value at Limiting
                                          Marginal   Upper bound          range         range   break point variable
------ ------------ -- ------------- ------------- -------------  ------------- ------------- ------------- ------------
   111 z            BS   23956.00000  -23956.00000          -Inf    24886.00000      -1.00000        .      Banda[1]
                                            .               +Inf    23956.00000          +Inf          +Inf

GLPK 4.45 - SENSITIVITY ANALYSIS REPORT                                                                         Page  13

Problem:    soluzione
Objective:  z = 23956 (MINimum)

   No. Column name  St      Activity      Obj coef   Lower bound       Activity      Obj coef  Obj value at Limiting
                                          Marginal   Upper bound          range         range   break point variable
------ ------------ -- ------------- ------------- -------------  ------------- ------------- ------------- ------------
     1 x[2,1]       BS     330.00000        .             .           423.00000        .        23956.00000 x[1,2]
                                            .               +Inf     -165.00000        .        23956.00000 y[2,1]

     2 x[2,2]       BS      93.00000        .             .           423.00000        .        23956.00000 y[2,1]
                                            .               +Inf      -14.00000        .        23956.00000 x[2,3]

     3 x[2,3]       NL        .             .             .          -114.00000        .        23956.00000 y[7,2]
                                            .               +Inf       93.00000          +Inf   23956.00000 x[2,2]

     4 x[2,4]       NL        .             .             .          -114.00000        .        23956.00000 y[7,2]
                                            .               +Inf       93.00000          +Inf   23956.00000 x[2,2]

     5 x[2,5]       NL        .             .             .          -114.00000        .        23956.00000 y[7,2]
                                            .               +Inf       93.00000          +Inf   23956.00000 x[2,2]

     6 x[3,1]       BS        .             .             .           330.00000        .        23956.00000 y[2,1]
                                            .               +Inf     -232.00000        .        23956.00000 y[3,1]

     7 x[3,2]       BS     495.00000        .             .           495.00000        .        23956.00000 y[3,1]
                                            .               +Inf      388.00000        .        23956.00000 x[3,3]

     8 x[3,3]       NL        .             .             .          -114.00000        .        23956.00000 y[7,2]
                                            .               +Inf      107.00000          +Inf   23956.00000 x[9,3]

     9 x[3,4]       NL        .             .             .          -114.00000        .        23956.00000 y[7,2]
                                            .               +Inf      107.00000          +Inf   23956.00000 x[9,3]

    10 x[3,5]       NL        .             .             .          -114.00000        .        23956.00000 y[7,2]
                                            .               +Inf      107.00000          +Inf   23956.00000 x[9,3]

GLPK 4.45 - SENSITIVITY ANALYSIS REPORT                                                                         Page  14

Problem:    soluzione
Objective:  z = 23956 (MINimum)

   No. Column name  St      Activity      Obj coef   Lower bound       Activity      Obj coef  Obj value at Limiting
                                          Marginal   Upper bound          range         range   break point variable
------ ------------ -- ------------- ------------- -------------  ------------- ------------- ------------- ------------
    11 x[4,1]       BS     405.00000        .             .           405.00000          -Inf          -Inf
                                            .               +Inf      157.00000        .        23956.00000 x[4,2]

    12 x[4,2]       NL        .             .             .           -80.00000        .        23956.00000 y[5,1]
                                            .               +Inf      248.00000          +Inf   23956.00000 x[6,2]

    13 x[4,3]       NL        .             .             .           -80.00000        .        23956.00000 y[5,1]
                                            .               +Inf      107.00000          +Inf   23956.00000 x[9,3]

    14 x[4,4]       NL        .             .             .           -80.00000        .        23956.00000 y[5,1]
                                            .               +Inf      107.00000          +Inf   23956.00000 x[9,3]

    15 x[4,5]       NL        .             .             .           -80.00000        .        23956.00000 y[5,1]
                                            .               +Inf      107.00000          +Inf   23956.00000 x[9,3]

    16 x[5,1]       BS     315.00000        .             .           315.00000          -Inf          -Inf
                                            .               +Inf       67.00000        .        23956.00000 x[5,2]

    17 x[5,2]       NL        .             .             .           -80.00000        .        23956.00000 y[5,1]
                                            .               +Inf      248.00000          +Inf   23956.00000 x[6,2]

    18 x[5,3]       NL        .             .             .           -80.00000        .        23956.00000 y[5,1]
                                            .               +Inf      107.00000          +Inf   23956.00000 x[9,3]

    19 x[5,4]       NL        .             .             .           -80.00000        .        23956.00000 y[5,1]
                                            .               +Inf      107.00000          +Inf   23956.00000 x[9,3]

    20 x[5,5]       NL        .             .             .           -80.00000        .        23956.00000 y[5,1]
                                            .               +Inf      107.00000          +Inf   23956.00000 x[9,3]

GLPK 4.45 - SENSITIVITY ANALYSIS REPORT                                                                         Page  15

Problem:    soluzione
Objective:  z = 23956 (MINimum)

   No. Column name  St      Activity      Obj coef   Lower bound       Activity      Obj coef  Obj value at Limiting
                                          Marginal   Upper bound          range         range   break point variable
------ ------------ -- ------------- ------------- -------------  ------------- ------------- ------------- ------------
    21 x[6,1]       BS     130.00000        .             .           378.00000        .        23956.00000 x[4,2]
                                            .               +Inf     -100.00000        .        23956.00000 y[6,1]

    22 x[6,2]       BS     248.00000        .             .           378.00000        .        23956.00000 y[6,1]
                                            .               +Inf     -157.00000        .        23956.00000 x[4,2]

    23 x[6,3]       NL        .             .             .          -114.00000        .        23956.00000 y[7,2]
                                            .               +Inf      107.00000          +Inf   23956.00000 x[9,3]

    24 x[6,4]       NL        .             .             .          -114.00000        .        23956.00000 y[7,2]
                                            .               +Inf      107.00000          +Inf   23956.00000 x[9,3]

    25 x[6,5]       NL        .             .             .          -114.00000        .        23956.00000 y[7,2]
                                            .               +Inf      107.00000          +Inf   23956.00000 x[9,3]

    26 x[7,1]       BS      40.00000        .             .           170.00000        .        23956.00000 y[6,1]
                                            .               +Inf       25.00000        .        23956.00000 y[7,1]

    27 x[7,2]       BS     230.00000        .             .           245.00000        .        23956.00000 y[7,1]
                                            .               +Inf      123.00000        .        23956.00000 x[7,3]

    28 x[7,3]       NL        .             .             .          -114.00000        .        23956.00000 y[7,2]
                                            .               +Inf      107.00000          +Inf   23956.00000 x[9,3]

    29 x[7,4]       NL        .             .             .          -114.00000        .        23956.00000 y[7,2]
                                            .               +Inf      107.00000          +Inf   23956.00000 x[9,3]

    30 x[7,5]       NL        .             .             .          -114.00000        .        23956.00000 y[7,2]
                                            .               +Inf      107.00000          +Inf   23956.00000 x[9,3]

GLPK 4.45 - SENSITIVITY ANALYSIS REPORT                                                                         Page  16

Problem:    soluzione
Objective:  z = 23956 (MINimum)

   No. Column name  St      Activity      Obj coef   Lower bound       Activity      Obj coef  Obj value at Limiting
                                          Marginal   Upper bound          range         range   break point variable
------ ------------ -- ------------- ------------- -------------  ------------- ------------- ------------- ------------
    31 x[8,1]       BS     300.00000        .             .           315.00000        .        23956.00000 y[7,1]
                                            .               +Inf      111.00000        .        23956.00000 x[9,1]

    32 x[8,2]       BS      15.00000        .             .           204.00000        .        23956.00000 x[9,1]
                                            .               +Inf      -92.00000        .        23956.00000 x[8,3]

    33 x[8,3]       NL        .             .             .          -189.00000        .        23956.00000 y[8,2]
                                            .               +Inf       15.00000          +Inf   23956.00000 x[8,2]

    34 x[8,4]       NL        .             .             .          -189.00000        .        23956.00000 y[8,2]
                                            .               +Inf       15.00000          +Inf   23956.00000 x[8,2]

    35 x[8,5]       NL        .             .             .          -189.00000        .        23956.00000 y[8,2]
                                            .               +Inf       15.00000          +Inf   23956.00000 x[8,2]

    36 x[9,1]       NL        .             .             .              .             .        23956.00000 y[8,1]
                                            .               +Inf      189.00000          +Inf   23956.00000 y[8,2]

    37 x[9,2]       BS     289.00000        .             .           382.00000        .        23956.00000 x[2,3]
                                            .               +Inf      100.00000        .        23956.00000 x[9,1]

    38 x[9,3]       BS     107.00000        .             .           296.00000        .        23956.00000 y[9,1]
                                            .               +Inf       14.00000        .        23956.00000 x[2,3]

    39 x[9,4]       NL        .             .             .          -798.00000        .        23956.00000 y[10,3]
                                            .               +Inf      107.00000          +Inf   23956.00000 x[9,3]

    40 x[9,5]       NL        .             .             .          -798.00000        .        23956.00000 y[10,3]
                                            .               +Inf      107.00000          +Inf   23956.00000 x[9,3]

GLPK 4.45 - SENSITIVITY ANALYSIS REPORT                                                                         Page  17

Problem:    soluzione
Objective:  z = 23956 (MINimum)

   No. Column name  St      Activity      Obj coef   Lower bound       Activity      Obj coef  Obj value at Limiting
                                          Marginal   Upper bound          range         range   break point variable
------ ------------ -- ------------- ------------- -------------  ------------- ------------- ------------- ------------
    41 x[10,1]      BS        .             .             .           189.00000        .        23956.00000 y[9,1]
                                            .               +Inf     -660.00000        .        23956.00000 y[10,1]

    42 x[10,2]      BS      20.00000        .             .           309.00000        .        23956.00000 y[9,2]
                                            .               +Inf     -640.00000        .        23956.00000 y[10,2]

    43 x[10,3]      BS     340.00000        .             .           340.00000        .        23956.00000 y[10,1]
                                            .               +Inf     -160.00000        .        23956.00000 x[10,4]

    44 x[10,4]      NL        .             .             .          -660.00000        .        23956.00000 Archiviazione[10,3]
                                            .               +Inf      340.00000          +Inf   23956.00000 x[10,3]

    45 x[10,5]      NL        .             .             .          -660.00000        .        23956.00000 Archiviazione[10,3]
                                            .               +Inf      340.00000          +Inf   23956.00000 x[10,3]

    46 x[1,1]       BS     405.00000        .             .           405.00000          -Inf          -Inf
                                            .               +Inf      312.00000        .        23956.00000 x[1,2]

    47 x[1,2]       NL        .             .             .          -130.00000        .        23956.00000 y[1,1]
                                            .               +Inf       93.00000          +Inf   23956.00000 x[2,2]

    48 x[1,3]       NL        .             .             .          -114.00000        .        23956.00000 y[7,2]
                                            .               +Inf       93.00000          +Inf   23956.00000 x[2,2]

    49 x[1,4]       NL        .             .             .          -114.00000        .        23956.00000 y[7,2]
                                            .               +Inf       93.00000          +Inf   23956.00000 x[2,2]

    50 x[1,5]       NL        .             .             .          -114.00000        .        23956.00000 y[7,2]
                                            .               +Inf       93.00000          +Inf   23956.00000 x[2,2]

GLPK 4.45 - SENSITIVITY ANALYSIS REPORT                                                                         Page  18

Problem:    soluzione
Objective:  z = 23956 (MINimum)

   No. Column name  St      Activity      Obj coef   Lower bound       Activity      Obj coef  Obj value at Limiting
                                          Marginal   Upper bound          range         range   break point variable
------ ------------ -- ------------- ------------- -------------  ------------- ------------- ------------- ------------
    51 y[1,1]       BS     130.00000       1.00000        .           223.00000       1.00000   23956.00000 x[1,2]
                                            .               +Inf      130.00000          +Inf          +Inf

    52 y[2,1]       NL        .            1.00000        .              .            1.00000   23956.00000 x[3,1]
                                            .               +Inf      330.00000          +Inf   23956.00000 x[2,1]

    53 y[1,2]       BS     600.00000       1.00000        .           600.00000          -Inf          -Inf
                                            .               +Inf      507.00000       1.00000   23956.00000 x[1,2]

    54 y[2,2]       BS     577.00000       1.00000        .           670.00000       1.00000   23956.00000 x[2,3]
                                            .               +Inf      247.00000       1.00000   23956.00000 y[2,1]

    55 y[1,3]       BS     580.00000       1.00000        .           580.00000          -Inf          -Inf
                                            .               +Inf      487.00000       1.00000   23956.00000 x[1,3]

    56 y[2,3]       BS     680.00000       1.00000        .           680.00000          -Inf          -Inf
                                            .               +Inf      587.00000       1.00000   23956.00000 x[2,3]

    57 y[1,4]       BS     275.00000       1.00000        .           275.00000          -Inf          -Inf
                                            .               +Inf      182.00000       1.00000   23956.00000 x[1,4]

    58 y[2,4]       BS     300.00000       1.00000        .           300.00000          -Inf          -Inf
                                            .               +Inf      207.00000       1.00000   23956.00000 x[2,4]

    59 y[1,5]       BS     400.00000       1.00000        .           400.00000          -Inf          -Inf
                                            .               +Inf      307.00000       1.00000   23956.00000 x[1,5]

    60 y[2,5]       BS     400.00000       1.00000        .           400.00000          -Inf          -Inf
                                            .               +Inf      307.00000       1.00000   23956.00000 x[2,5]

GLPK 4.45 - SENSITIVITY ANALYSIS REPORT                                                                         Page  19

Problem:    soluzione
Objective:  z = 23956 (MINimum)

   No. Column name  St      Activity      Obj coef   Lower bound       Activity      Obj coef  Obj value at Limiting
                                          Marginal   Upper bound          range         range   break point variable
------ ------------ -- ------------- ------------- -------------  ------------- ------------- ------------- ------------
    61 y[3,1]       NL        .            1.00000        .           -80.00000       1.00000   23956.00000 y[5,1]
                                            .               +Inf         .               +Inf   23956.00000 x[3,1]

    62 y[3,2]       BS     232.00000       1.00000        .           325.00000       1.00000   23956.00000 x[2,3]
                                            .               +Inf      232.00000       1.00000   23956.00000 y[3,1]

    63 y[3,3]       BS     680.00000       1.00000        .           680.00000          -Inf          -Inf
                                            .               +Inf      587.00000       1.00000   23956.00000 x[2,3]

    64 y[3,4]       BS     325.00000       1.00000        .           325.00000          -Inf          -Inf
                                            .               +Inf      232.00000       1.00000   23956.00000 x[2,4]

    65 y[3,5]       BS     500.00000       1.00000        .           500.00000          -Inf          -Inf
                                            .               +Inf      407.00000       1.00000   23956.00000 x[2,5]

    66 y[4,1]       BS     195.00000       1.00000        .           443.00000       1.00000   23956.00000 x[4,2]
                                            .               +Inf      195.00000          +Inf          +Inf

    67 y[4,2]       BS     532.00000       1.00000        .           625.00000       1.00000   23956.00000 x[2,3]
                                            .               +Inf      284.00000       1.00000   23956.00000 x[4,2]

    68 y[4,3]       BS     680.00000       1.00000        .           680.00000          -Inf          -Inf
                                            .               +Inf      587.00000       1.00000   23956.00000 x[2,3]

    69 y[4,4]       BS     350.00000       1.00000        .           350.00000          -Inf          -Inf
                                            .               +Inf      257.00000       1.00000   23956.00000 x[2,4]

    70 y[4,5]       BS     575.00000       1.00000        .           575.00000          -Inf          -Inf
                                            .               +Inf      482.00000       1.00000   23956.00000 x[2,5]

GLPK 4.45 - SENSITIVITY ANALYSIS REPORT                                                                         Page  20

Problem:    soluzione
Objective:  z = 23956 (MINimum)

   No. Column name  St      Activity      Obj coef   Lower bound       Activity      Obj coef  Obj value at Limiting
                                          Marginal   Upper bound          range         range   break point variable
------ ------------ -- ------------- ------------- -------------  ------------- ------------- ------------- ------------
    71 y[5,1]       BS      80.00000       1.00000        .           328.00000       1.00000   23956.00000 x[4,2]
                                            .               +Inf       80.00000          +Inf          +Inf

    72 y[5,2]       BS     532.00000       1.00000        .           625.00000       1.00000   23956.00000 x[2,3]
                                            .               +Inf      284.00000       1.00000   23956.00000 x[4,2]

    73 y[5,3]       BS     890.00000       1.00000        .           890.00000          -Inf          -Inf
                                            .               +Inf      797.00000       1.00000   23956.00000 x[2,3]

    74 y[5,4]       BS     375.00000       1.00000        .           375.00000          -Inf          -Inf
                                            .               +Inf      282.00000       1.00000   23956.00000 x[2,4]

    75 y[5,5]       BS     775.00000       1.00000        .           775.00000          -Inf          -Inf
                                            .               +Inf      682.00000       1.00000   23956.00000 x[2,5]

    76 y[6,1]       NL        .            1.00000        .           -40.00000       1.00000   23956.00000 x[7,1]
                                            .               +Inf      130.00000          +Inf   23956.00000 x[6,1]

    77 y[6,2]       BS     284.00000       1.00000        .           377.00000       1.00000   23956.00000 x[2,3]
                                            .               +Inf      154.00000       1.00000   23956.00000 y[6,1]

    78 y[6,3]       BS     975.00000       1.00000        .           975.00000          -Inf          -Inf
                                            .               +Inf      882.00000       1.00000   23956.00000 x[2,3]

    79 y[6,4]       BS     375.00000       1.00000        .           375.00000          -Inf          -Inf
                                            .               +Inf      282.00000       1.00000   23956.00000 x[2,4]

    80 y[6,5]       BS     820.00000       1.00000        .           820.00000          -Inf          -Inf
                                            .               +Inf      727.00000       1.00000   23956.00000 x[2,5]

GLPK 4.45 - SENSITIVITY ANALYSIS REPORT                                                                         Page  21

Problem:    soluzione
Objective:  z = 23956 (MINimum)

   No. Column name  St      Activity      Obj coef   Lower bound       Activity      Obj coef  Obj value at Limiting
                                          Marginal   Upper bound          range         range   break point variable
------ ------------ -- ------------- ------------- -------------  ------------- ------------- ------------- ------------
    81 y[7,1]       NL        .            1.00000        .          -230.00000       1.00000   23956.00000 x[7,2]
                                            .               +Inf       15.00000          +Inf   23956.00000 x[8,2]

    82 y[7,2]       BS     114.00000       1.00000        .           207.00000       1.00000   23956.00000 x[2,3]
                                            .               +Inf       99.00000       1.00000   23956.00000 y[7,1]

    83 y[7,3]       BS    1025.00000       1.00000        .          1025.00000          -Inf          -Inf
                                            .               +Inf      932.00000       1.00000   23956.00000 x[2,3]

    84 y[7,4]       BS     375.00000       1.00000        .           375.00000          -Inf          -Inf
                                            .               +Inf      282.00000       1.00000   23956.00000 x[2,4]

    85 y[7,5]       BS    1120.00000       1.00000        .          1120.00000          -Inf          -Inf
                                            .               +Inf     1027.00000       1.00000   23956.00000 x[2,5]

    86 y[8,1]       BS        .            1.00000        .           189.00000       1.00000   23956.00000 x[9,1]
                                            .               +Inf         .               +Inf   23956.00000

    87 y[8,2]       BS     189.00000       1.00000        .           282.00000       1.00000   23956.00000 x[2,3]
                                            .               +Inf     -100.00000       1.00000   23956.00000 x[9,1]

    88 y[8,3]       BS    1045.00000       1.00000        .          1045.00000          -Inf          -Inf
                                            .               +Inf      952.00000       1.00000   23956.00000 x[2,3]

    89 y[8,4]       BS     435.00000       1.00000        .           435.00000          -Inf          -Inf
                                            .               +Inf      342.00000       1.00000   23956.00000 x[2,4]

    90 y[8,5]       BS    1120.00000       1.00000        .          1120.00000          -Inf          -Inf
                                            .               +Inf     1027.00000       1.00000   23956.00000 x[2,5]

GLPK 4.45 - SENSITIVITY ANALYSIS REPORT                                                                         Page  22

Problem:    soluzione
Objective:  z = 23956 (MINimum)

   No. Column name  St      Activity      Obj coef   Lower bound       Activity      Obj coef  Obj value at Limiting
                                          Marginal   Upper bound          range         range   break point variable
------ ------------ -- ------------- ------------- -------------  ------------- ------------- ------------- ------------
    91 y[9,1]       NL        .            1.00000        .              .            1.00000   23956.00000 x[10,1]
                                            .               +Inf      189.00000          +Inf   23956.00000 y[8,2]

    92 y[9,2]       NL        .            1.00000        .           -20.00000       1.00000   23956.00000 x[10,2]
                                            .               +Inf      289.00000          +Inf   23956.00000 x[9,2]

    93 y[9,3]       BS    1038.00000       1.00000        .          1131.00000       1.00000   23956.00000 x[2,4]
                                            .               +Inf      849.00000       1.00000   23956.00000 y[9,1]

    94 y[9,4]       BS     495.00000       1.00000        .           495.00000          -Inf          -Inf
                                            .               +Inf      402.00000       1.00000   23956.00000 x[2,4]

    95 y[9,5]       BS    1140.00000       1.00000        .          1140.00000          -Inf          -Inf
                                            .               +Inf     1047.00000       1.00000   23956.00000 x[2,5]

    96 y[10,1]      NL        .            1.00000        .          -340.00000       1.00000   23956.00000 x[10,3]
                                            .               +Inf         .               +Inf   23956.00000 x[10,1]

    97 y[10,2]      NL        .            1.00000        .          -340.00000       1.00000   23956.00000 x[10,3]
                                            .               +Inf       20.00000          +Inf   23956.00000 x[10,2]

    98 y[10,3]      BS     798.00000       1.00000        .           891.00000       1.00000   23956.00000 x[2,4]
                                            .               +Inf      798.00000       1.00000   23956.00000 y[10,1]

    99 y[10,4]      BS     555.00000       1.00000        .           555.00000          -Inf          -Inf
                                            .               +Inf      462.00000       1.00000   23956.00000 x[2,4]

   100 y[10,5]      BS    1390.00000       1.00000        .          1390.00000          -Inf          -Inf
                                            .               +Inf     1297.00000       1.00000   23956.00000 x[2,5]

End of report
